11-01 15:43 - [INFO] (export.py).<module>(15) - Формируем:Pharmit
11-01 15:43 - [INFO] (system.py).clear_export_path(39) - Удаляем старые выгрузки в - ./export/pharmit/
11-01 15:43 - [INFO] (system.py).clear_export_path(52) - Удаленно 0 файлов
11-01 15:43 - [INFO] (system.py).clear_export_path(39) - Удаляем старые выгрузки в - ./log/
11-01 15:43 - [INFO] (system.py).clear_export_path(52) - Удаленно 0 файлов
11-01 15:43 - [INFO] (engine.py).wrapper(33) - Выполняю: create, 'file', '1'
11-01 15:43 - [INFO] (engine.py).create(173) - .\export\file
11-01 15:43 - [INFO] (engine.py).create(186) - Загружаю алгоритм выгрузки:Pharmit
11-01 15:43 - [INFO] (system.py).existPath(59) - Каталог -./export/pharmit/ найден
11-01 15:43 - [ERROR] (engine.py).cheak_db(65) - Нет параметров для проверки - TABLE
11-01 15:43 - [ERROR] (engine.py).cheak_db(65) - Нет параметров для проверки - PROCEDURE
11-01 15:43 - [ERROR] (engine.py).cheak_db(65) - Нет параметров для проверки - TRIGGER
11-01 15:43 - [INFO] (pharmit.py).send_request(44) - https://api.pharmit.kz/api/loadhistories-400- Bad Request-
"Данные за эту дату уже загружены!"
11-01 15:43 - [INFO] (pharmit.py).send_request(44) - https://api.pharmit.kz/api/loadhistories-200- OK-
[]
11-01 15:43 - [INFO] (pharmit.py).send_request(44) - https://api.pharmit.kz/api/loadhistories-400- Bad Request-
Пакет № 1; ProviderSaleId = 3822507513061 - 20210202 - Аптека №1 родионова - Эутирокс 125мкг N100 таб - Catched error: Input string was not in a correct format. 
Пакет № 2; ProviderSaleId = 3822497512151 - 20210202 - Аптека №1 родионова - Комфодерм Мазь Д/Наружн Пр 0,1% 15г N1 Туба Ал Пк - Catched error: Input string was not in a correct format. 
Пакет № 3; ProviderSaleId = 3822497512161 - 20210202 - Аптека №1 родионова - Лошадиное здоровье (гель-бальзам д/тела с лек травами 200 мл  ) - Catched error: Input string was not in a correct format. 
Пакет № 4; ProviderSaleId = 3822497512181 - 20210202 - Аптека №1 родионова - Тавегил таб 1мг №20 - Catched error: Input string was not in a correct format. 
Пакет № 5; ProviderSaleId = 3822497512191 - 20210202 - Аптека №1 родионова - Эссенциале  Н 250мг/5 мл  №5 ампулы - Catched error: Input string was not in a correct format. 
Пакет № 6; ProviderSaleId = 3822497512131 - 20210202 - Аптека №1 родионова - Аммиак р-р 100мл (пластик. фл) - Catched error: Input string was not in a correct format. 
Пакет № 7; ProviderSaleId = 3822497512171 - 20210202 - Аптека №1 родионова - Офтальмоферон капли глаз. 10 мл. х1 - Catched error: Input string was not in a correct format. 
Пакет № 8; ProviderSaleId = 3822497512141 - 20210202 - Аптека №1 родионова - Бравадин Таб п/о 7,5мг N28 - Catched error: Input string was not in a correct format. 
Пакет № 9; ProviderSaleId = 3820237507921 - 20210202 - Аптека №1 родионова - Антиполицай White Конф Таб N6 Уп - Catched error: Input string was not in a correct format. 
Пакет № 10; ProviderSaleId = 3820237507911 - 20210202 - Аптека №1 родионова - Антиполицай Двойной + Энергия Кофе (Мегадозы) Карамель N2 - Catched error: Input string was not in a correct format. 

11-01 15:43 - [INFO] (pharmit.py).send_request(44) - https://api.pharmit.kz/api/loadhistories-500- Internal Server Error-

